<?xml version="1.0" encoding="UTF-8"?>
<testng-results ignored="0" total="1" passed="1" failed="0" skipped="0">
  <reporter-output>
  </reporter-output>
  <suite started-at="2025-12-18T12:31:10 IST" name="Default suite" finished-at="2025-12-18T12:31:18 IST" duration-ms="7856">
    <groups>
    </groups>
    <test started-at="2025-12-18T12:31:10 IST" name="Default test" finished-at="2025-12-18T12:31:18 IST" duration-ms="7856">
      <class name="com.automation.LoginTest">
        <test-method is-config="true" signature="setup()[pri:0, instance:com.automation.LoginTest@158a8276]" started-at="2025-12-18T12:31:10 IST" name="setup" finished-at="2025-12-18T12:31:13 IST" duration-ms="3111" status="PASS">
          <reporter-output>
          </reporter-output>
        </test-method> <!-- setup -->
        <test-method signature="verifyLogin()[pri:0, instance:com.automation.LoginTest@158a8276]" started-at="2025-12-18T12:31:13 IST" name="verifyLogin" finished-at="2025-12-18T12:31:18 IST" duration-ms="4422" status="PASS">
          <reporter-output>
          </reporter-output>
        </test-method> <!-- verifyLogin -->
        <test-method is-config="true" signature="tearDown()[pri:0, instance:com.automation.LoginTest@158a8276]" started-at="2025-12-18T12:31:18 IST" name="tearDown" finished-at="2025-12-18T12:31:18 IST" duration-ms="267" status="PASS">
          <reporter-output>
          </reporter-output>
        </test-method> <!-- tearDown -->
      </class> <!-- com.automation.LoginTest -->
    </test> <!-- Default test -->
  </suite> <!-- Default suite -->
</testng-results>
